java.lang.Exception: Unable to resolve symbol: winner in this context (core.clj:385)
	at clojure.lang.Compiler.analyze(Compiler.java:5200)
	at clojure.lang.Compiler.analyze(Compiler.java:5146)
	at clojure.lang.Compiler$IfExpr$Parser.parse(Compiler.java:2310)
	at clojure.lang.Compiler.analyzeSeq(Compiler.java:5364)
	at clojure.lang.Compiler.analyze(Compiler.java:5185)
	at clojure.lang.Compiler.analyze(Compiler.java:5146)
	at clojure.lang.Compiler$BodyExpr$Parser.parse(Compiler.java:4665)
	at clojure.lang.Compiler$LetExpr$Parser.parse(Compiler.java:4936)
	at clojure.lang.Compiler.analyzeSeq(Compiler.java:5364)
	at clojure.lang.Compiler.analyze(Compiler.java:5185)
	at clojure.lang.Compiler.analyzeSeq(Compiler.java:5352)
	at clojure.lang.Compiler.analyze(Compiler.java:5185)
	at clojure.lang.Compiler.analyze(Compiler.java:5146)
	at clojure.lang.Compiler$BodyExpr$Parser.parse(Compiler.java:4665)
	at clojure.lang.Compiler$FnMethod.parse(Compiler.java:4323)
	at clojure.lang.Compiler$FnExpr.parse(Compiler.java:3168)
	at clojure.lang.Compiler.analyzeSeq(Compiler.java:5362)
	at clojure.lang.Compiler.analyze(Compiler.java:5185)
	at clojure.lang.Compiler.analyzeSeq(Compiler.java:5352)
	at clojure.lang.Compiler.analyze(Compiler.java:5185)
	at clojure.lang.Compiler.analyze(Compiler.java:5146)
	at clojure.lang.Compiler$HostExpr$Parser.parse(Compiler.java:798)
	at clojure.lang.Compiler.analyzeSeq(Compiler.java:5364)
	at clojure.lang.Compiler.analyze(Compiler.java:5185)
	at clojure.lang.Compiler.analyzeSeq(Compiler.java:5352)
	at clojure.lang.Compiler.analyze(Compiler.java:5185)
	at clojure.lang.Compiler.access$100(Compiler.java:35)
	at clojure.lang.Compiler$DefExpr$Parser.parse(Compiler.java:438)
	at clojure.lang.Compiler.analyzeSeq(Compiler.java:5364)
	at clojure.lang.Compiler.analyze(Compiler.java:5185)
	at clojure.lang.Compiler.analyze(Compiler.java:5146)
	at clojure.lang.Compiler.eval(Compiler.java:5423)
	at clojure.lang.Compiler.load(Compiler.java:5852)
	at clojure.lang.Compiler.loadFile(Compiler.java:5815)
	at clojure.lang.RT$3.invoke(RT.java:296)
	at swank.commands.basic$compile_file_for_emacs_STAR_.invoke(basic.clj:134)
	at swank.commands.basic$eval1675$compile_file_for_emacs__1676.doInvoke(basic.clj:151)
	at clojure.lang.RestFn.invoke(RestFn.java:443)
	at clojure.lang.Var.invoke(Var.java:373)
	at euler_clj.core$eval4218.invoke(NO_SOURCE_FILE)
	at clojure.lang.Compiler.eval(Compiler.java:5419)
	at clojure.lang.Compiler.eval(Compiler.java:5386)
	at clojure.core$eval.invoke(core.clj:2382)
	at swank.core$eval_in_emacs_package.invoke(core.clj:94)
	at swank.core$eval_for_emacs.invoke(core.clj:241)
	at clojure.lang.Var.invoke(Var.java:373)
	at clojure.lang.AFn.applyToHelper(AFn.java:169)
	at clojure.lang.Var.applyTo(Var.java:482)
	at clojure.core$apply.invoke(core.clj:540)
	at swank.core$eval_from_control.invoke(core.clj:101)
	at swank.core$spawn_worker_thread$fn__1281$fn__1282.invoke(core.clj:300)
	at clojure.lang.AFn.applyToHelper(AFn.java:159)
	at clojure.lang.AFn.applyTo(AFn.java:151)
	at clojure.core$apply.invoke(core.clj:540)
	at swank.core$spawn_worker_thread$fn__1281.doInvoke(core.clj:296)
	at clojure.lang.RestFn.invoke(RestFn.java:398)
	at bake.swank$start$fn__2392$fn__2393$fn__2394.invoke(swank.clj:22)
	at clojure.lang.AFn.run(AFn.java:24)
	at java.lang.Thread.run(Thread.java:636)
Caused by: java.lang.Exception: Unable to resolve symbol: winner in this context
	at clojure.lang.Compiler.resolveIn(Compiler.java:5672)
	at clojure.lang.Compiler.resolve(Compiler.java:5616)
	at clojure.lang.Compiler.analyzeSymbol(Compiler.java:5579)
	at clojure.lang.Compiler.analyze(Compiler.java:5167)
	... 58 more
